<?xml version="1.0" encoding="UTF-8"?>
<testng-results ignored="0" total="4" passed="4" failed="0" skipped="0">
  <reporter-output>
  </reporter-output>
  <suite started-at="2022-07-10T15:21:40 IST" name="Default suite" finished-at="2022-07-10T15:22:41 IST" duration-ms="61730">
    <groups>
    </groups>
    <test started-at="2022-07-10T15:21:40 IST" name="Default test" finished-at="2022-07-10T15:22:41 IST" duration-ms="61730">
      <class name="test.BookTickets">
        <test-method is-config="true" signature="init()[pri:0, instance:test.BookTickets@cd3fee8]" started-at="2022-07-10T15:21:40 IST" name="init" finished-at="2022-07-10T15:21:53 IST" duration-ms="13111" status="PASS">
          <reporter-output>
          </reporter-output>
        </test-method> <!-- init -->
        <test-method signature="bookTickets()[pri:1, instance:test.BookTickets@cd3fee8]" started-at="2022-07-10T15:21:53 IST" name="bookTickets" finished-at="2022-07-10T15:22:16 IST" duration-ms="23557" status="PASS">
          <reporter-output>
          </reporter-output>
        </test-method> <!-- bookTickets -->
        <test-method signature="movieDetails()[pri:0, instance:test.BookTickets@cd3fee8]" started-at="2022-07-10T15:22:16 IST" name="movieDetails" finished-at="2022-07-10T15:22:18 IST" depends-on-methods="test.BookTickets.bookTickets" duration-ms="1628" status="PASS">
          <reporter-output>
          </reporter-output>
        </test-method> <!-- movieDetails -->
        <test-method signature="seatSelection()[pri:0, instance:test.BookTickets@cd3fee8]" started-at="2022-07-10T15:22:18 IST" name="seatSelection" finished-at="2022-07-10T15:22:19 IST" depends-on-methods="test.BookTickets.movieDetails" duration-ms="967" status="PASS">
          <reporter-output>
          </reporter-output>
        </test-method> <!-- seatSelection -->
        <test-method signature="payment()[pri:0, instance:test.BookTickets@cd3fee8]" started-at="2022-07-10T15:22:19 IST" name="payment" finished-at="2022-07-10T15:22:41 IST" depends-on-methods="test.BookTickets.seatSelection" duration-ms="22433" status="PASS">
          <reporter-output>
          </reporter-output>
        </test-method> <!-- payment -->
      </class> <!-- test.BookTickets -->
    </test> <!-- Default test -->
  </suite> <!-- Default suite -->
</testng-results>
